Compiling build :dev to "resources/public/js/compiled/dom_whackamole.js" from ["src"]...
[36m----  Compiler Warning on   src/packt-clj/dom-whackamole/core.cljs   line:35  column:20  ----[0m

  [1mUse of undeclared Var hello-clojurescript.core/$[0m

  [36m31[0m  [36m           (tiles)[0m
  [36m32[0m  [36m           (cards)])[0m
  [36m33[0m  [36m[0m
  [36m34[0m  [36m(defn make-draggable [][0m
  [33m35[0m  [1m      (.draggable ($ ".card") (attrs {:revert true :cursor "move"})))[0m
  [0m  [0m  [33m                   ^--- Use of undeclared Var hello-clojurescript.core/$[0m
  [36m36[0m  [36m[0m
  [36m37[0m  [36m(defn handle-drop [event ui][0m
  [36m38[0m  [36m      (let [draggable-id (jayq/data (.-draggable ui) "number")][0m
  [36m39[0m  [36m           (println "Dropping element with id" draggable-id)[0m
  [36m40[0m  [36m           (.draggable (.-draggable ui) (attrs {:revert false}))   ;; will prevent dragging. dragged element stays in droppable box[0m

[36m----  Compiler Warning : Please see src/packt-clj/dom-whackamole/core.cljs  ----[0m
[36m----  Compiler Warning on   src/packt-clj/dom-whackamole/core.cljs   line:38  column:27  ----[0m

  [1mNo such namespace: jayq, could not locate jayq.cljs, jayq.cljc, or JavaScript source providing "jayq"[0m

  [36m34[0m  [36m(defn make-draggable [][0m
  [36m35[0m  [36m      (.draggable ($ ".card") (attrs {:revert true :cursor "move"})))[0m
  [36m36[0m  [36m[0m
  [36m37[0m  [36m(defn handle-drop [event ui][0m
  [33m38[0m  [1m      (let [draggable-id (jayq/data (.-draggable ui) "number")][0m
  [0m  [0m  [33m                          ^--- No such namespace: jayq, could not locate jayq.cljs, jayq.cljc, or JavaScript source providing "jayq"[0m
  [36m39[0m  [36m           (println "Dropping element with id" draggable-id)[0m
  [36m40[0m  [36m           (.draggable (.-draggable ui) (attrs {:revert false}))   ;; will prevent dragging. dragged element stays in droppable box[0m
  [36m41[0m  [36m           (.draggable (.-draggable ui) "disable")   ;; will prevent dragging and add class ui-draggable-disabled. Dragged element stays in initial position[0m
  [36m42[0m  [36m           (.droppable ($ (str "#" (.-id (.-target event)))) "disable") ;; will prevent dropping more elements into this box[0m
  [36m43[0m  [36m           (.position (.-draggable ui)[0m

[36m----  Compiler Warning : Please see src/packt-clj/dom-whackamole/core.cljs  ----[0m
[36m----  Compiler Warning on   src/packt-clj/dom-whackamole/core.cljs   line:38  column:27  ----[0m

  [1mUse of undeclared Var jayq/data[0m

  [36m34[0m  [36m(defn make-draggable [][0m
  [36m35[0m  [36m      (.draggable ($ ".card") (attrs {:revert true :cursor "move"})))[0m
  [36m36[0m  [36m[0m
  [36m37[0m  [36m(defn handle-drop [event ui][0m
  [33m38[0m  [1m      (let [draggable-id (jayq/data (.-draggable ui) "number")][0m
  [0m  [0m  [33m                          ^--- Use of undeclared Var jayq/data[0m
  [36m39[0m  [36m           (println "Dropping element with id" draggable-id)[0m
  [36m40[0m  [36m           (.draggable (.-draggable ui) (attrs {:revert false}))   ;; will prevent dragging. dragged element stays in droppable box[0m
  [36m41[0m  [36m           (.draggable (.-draggable ui) "disable")   ;; will prevent dragging and add class ui-draggable-disabled. Dragged element stays in initial position[0m
  [36m42[0m  [36m           (.droppable ($ (str "#" (.-id (.-target event)))) "disable") ;; will prevent dropping more elements into this box[0m
  [36m43[0m  [36m           (.position (.-draggable ui)[0m

[36m----  Compiler Warning : Please see src/packt-clj/dom-whackamole/core.cljs  ----[0m
[36m----  Compiler Warning on   src/packt-clj/dom-whackamole/core.cljs   line:42  column:25  ----[0m

  [1mUse of undeclared Var hello-clojurescript.core/$[0m

  [36m38[0m  [36m      (let [draggable-id (jayq/data (.-draggable ui) "number")][0m
  [36m39[0m  [36m           (println "Dropping element with id" draggable-id)[0m
  [36m40[0m  [36m           (.draggable (.-draggable ui) (attrs {:revert false}))   ;; will prevent dragging. dragged element stays in droppable box[0m
  [36m41[0m  [36m           (.draggable (.-draggable ui) "disable")   ;; will prevent dragging and add class ui-draggable-disabled. Dragged element stays in initial position[0m
  [33m42[0m  [1m           (.droppable ($ (str "#" (.-id (.-target event)))) "disable") ;; will prevent dropping more elements into this box[0m
  [0m  [0m  [33m                        ^--- Use of undeclared Var hello-clojurescript.core/$[0m
  [36m43[0m  [36m           (.position (.-draggable ui)[0m
  [36m44[0m  [36m                      (attrs {:of ($ (str "#" (.-id (.-target event)))) :my "left top" :at "left top"}))))[0m
  [36m45[0m  [36m[0m
  [36m46[0m  [36m(defn make-droppable [][0m
  [36m47[0m  [36m      (.droppable ($ (str ".tile"))[0m

[36m----  Compiler Warning : Please see src/packt-clj/dom-whackamole/core.cljs  ----[0m
[36m----  Compiler Warning on   src/packt-clj/dom-whackamole/core.cljs   line:44  column:36  ----[0m

  [1mUse of undeclared Var hello-clojurescript.core/$[0m

  [36m40[0m  [36m           (.draggable (.-draggable ui) (attrs {:revert false}))   ;; will prevent dragging. dragged element stays in droppable box[0m
  [36m41[0m  [36m           (.draggable (.-draggable ui) "disable")   ;; will prevent dragging and add class ui-draggable-disabled. Dragged element stays in initial position[0m
  [36m42[0m  [36m           (.droppable ($ (str "#" (.-id (.-target event)))) "disable") ;; will prevent dropping more elements into this box[0m
  [36m43[0m  [36m           (.position (.-draggable ui)[0m
  [33m44[0m  [1m                      (attrs {:of ($ (str "#" (.-id (.-target event)))) :my "left top" :at "left top"}))))[0m
  [0m  [0m  [33m                                   ^--- Use of undeclared Var hello-clojurescript.core/$[0m
  [36m45[0m  [36m[0m
  [36m46[0m  [36m(defn make-droppable [][0m
  [36m47[0m  [36m      (.droppable ($ (str ".tile"))[0m
  [36m48[0m  [36m                  (attrs {:hoverClass "hovered-tile" :drop handle-drop})))[0m

[36m----  Compiler Warning : Please see src/packt-clj/dom-whackamole/core.cljs  ----[0m
[36m----  Compiler Warning on   src/packt-clj/dom-whackamole/core.cljs   line:47  column:20  ----[0m

  [1mUse of undeclared Var hello-clojurescript.core/$[0m

  [36m43[0m  [36m           (.position (.-draggable ui)[0m
  [36m44[0m  [36m                      (attrs {:of ($ (str "#" (.-id (.-target event)))) :my "left top" :at "left top"}))))[0m
  [36m45[0m  [36m[0m
  [36m46[0m  [36m(defn make-droppable [][0m
  [33m47[0m  [1m      (.droppable ($ (str ".tile"))[0m
  [0m  [0m  [33m                   ^--- Use of undeclared Var hello-clojurescript.core/$[0m
  [36m48[0m  [36m                  (attrs {:hoverClass "hovered-tile" :drop handle-drop})))[0m
  [36m49[0m  [36m[0m
  [36m50[0m  [36m(defn on-js-reload [][0m
  [36m51[0m  [36m      (rum/mount (content) (.getElementById js/document "app"))[0m
  [36m52[0m  [36m      (make-draggable)[0m

[36m----  Compiler Warning : Please see src/packt-clj/dom-whackamole/core.cljs  ----[0m
[32mSuccessfully compiled build :dev to "resources/public/js/compiled/dom_whackamole.js" in 2.152 seconds.[0m
notifying browser that file changed:  resources/public/js/compiled/out/goog/deps.js
notifying browser that file changed:  resources/public/js/compiled/out/cljs_deps.js
notifying browser that file changed:  resources/public/js/compiled/out/packt_clj/dom_whackamole/core.js
Compiling build :dev to "resources/public/js/compiled/dom_whackamole.js" from ["src"]...
[32mSuccessfully compiled build :dev to "resources/public/js/compiled/dom_whackamole.js" in 0.472 seconds.[0m
notifying browser that file changed:  resources/public/js/compiled/out/packt_clj/dom_whackamole/core.js
Compiling build :dev to "resources/public/js/compiled/dom_whackamole.js" from ["src"]...
[31mFailed to compile build :dev from ["src"] in 0.145 seconds.[0m
[36m----  Could not Analyze  src/packt-clj/dom-whackamole/core.cljs   line:1  column:1  ----[0m

  [1mnth not supported on this type: Keyword[0m

  [33m1[0m  [1m(ns packt-clj.dom-whackamole.core[0m
  [0m [0m  [33m^--- nth not supported on this type: Keyword[0m
  [36m2[0m  [36m  :require [rum.core :as rum][0m
  [36m3[0m  [36m  [sablono.util])[0m

[36m----  Analysis Error : Please see src/packt-clj/dom-whackamole/core.cljs  ----[0m
Compiling build :dev to "resources/public/js/compiled/dom_whackamole.js" from ["src"]...
[36m----  Compiler Warning on   src/packt-clj/dom-whackamole/core.cljs   line:12  column:15  ----[0m

  [1mUse of undeclared Var packt-clj.dom-whackamole.core/content[0m

  [36m 8[0m  [36m      (clj->js (sablono.util/html-to-dom-attrs a)))[0m
  [36m 9[0m  [36m[0m
  [36m10[0m  [36m[0m
  [36m11[0m  [36m(defn on-js-reload [][0m
  [33m12[0m  [1m  (rum/mount (content) (.getElementById js/document "app"))[0m
  [0m  [0m  [33m              ^--- Use of undeclared Var packt-clj.dom-whackamole.core/content[0m
  [36m13[0m  [36m  (.log js/console "Mounted"))[0m

[36m----  Compiler Warning : Please see src/packt-clj/dom-whackamole/core.cljs  ----[0m
[32mSuccessfully compiled build :dev to "resources/public/js/compiled/dom_whackamole.js" in 1.26 seconds.[0m
notifying browser that file changed:  resources/public/js/compiled/out/cljs_deps.js
notifying browser that file changed:  resources/public/js/compiled/out/packt_clj/dom_whackamole/core.js
Compiling build :dev to "resources/public/js/compiled/dom_whackamole.js" from ["src"]...
[31mFailed to compile build :dev from ["src"] in 0.253 seconds.[0m
[36m----  Could not Compile  src/packt-clj/dom-whackamole/core.cljs  ----[0m

  [1mfailed compiling file:src/packt-clj/dom-whackamole/core.cljs[0m

[36m----  Compiler Error : Please see src/packt-clj/dom-whackamole/core.cljs  ----[0m
Compiling build :dev to "resources/public/js/compiled/dom_whackamole.js" from ["src"]...
[32mSuccessfully compiled build :dev to "resources/public/js/compiled/dom_whackamole.js" in 0.508 seconds.[0m
notifying browser that file changed:  resources/public/js/compiled/out/packt_clj/dom_whackamole/core.js
Compiling build :dev to "resources/public/js/compiled/dom_whackamole.js" from ["src"]...
[32mSuccessfully compiled build :dev to "resources/public/js/compiled/dom_whackamole.js" in 0.602 seconds.[0m
notifying browser that file changed:  resources/public/js/compiled/out/packt_clj/dom_whackamole/core.js
Compiling build :dev to "resources/public/js/compiled/dom_whackamole.js" from ["src"]...
[32mSuccessfully compiled build :dev to "resources/public/js/compiled/dom_whackamole.js" in 0.541 seconds.[0m
notifying browser that file changed:  resources/public/js/compiled/out/cljs_deps.js
notifying browser that file changed:  resources/public/js/compiled/out/packt_clj/dom_whackamole/core.js
Compiling build :dev to "resources/public/js/compiled/dom_whackamole.js" from ["src"]...
[32mSuccessfully compiled build :dev to "resources/public/js/compiled/dom_whackamole.js" in 0.686 seconds.[0m
notifying browser that file changed:  resources/public/js/compiled/out/packt_clj/dom_whackamole/core.js
Compiling build :dev to "resources/public/js/compiled/packt_clj/dom_whackamole.js" from ["src"]...
[32mSuccessfully compiled build :dev to "resources/public/js/compiled/packt_clj/dom_whackamole.js" in 1.75 seconds.[0m
notifying browser that file changed:  resources/public/js/compiled/out/goog/deps.js
notifying browser that file changed:  resources/public/js/compiled/out/cljs_deps.js
notifying browser that file changed:  resources/public/js/compiled/out/packt_clj/dom_whackamole/core.js
Compiling build :dev to "resources/public/js/compiled/packt_clj/dom_whackamole.js" from ["src"]...
[32mSuccessfully compiled build :dev to "resources/public/js/compiled/packt_clj/dom_whackamole.js" in 0.655 seconds.[0m
notifying browser that file changed:  resources/public/js/compiled/out/packt_clj/dom_whackamole/core.js
Compiling build :dev to "resources/public/js/compiled/packt_clj/dom_whackamole.js" from ["src"]...
[32mSuccessfully compiled build :dev to "resources/public/js/compiled/packt_clj/dom_whackamole.js" in 0.423 seconds.[0m
notifying browser that file changed:  resources/public/js/compiled/out/packt_clj/dom_whackamole/core.js
Compiling build :dev to "resources/public/js/compiled/packt_clj/dom_whackamole.js" from ["src"]...
[32mSuccessfully compiled build :dev to "resources/public/js/compiled/packt_clj/dom_whackamole.js" in 1.042 seconds.[0m
notifying browser that file changed:  resources/public/js/compiled/out/packt_clj/dom_whackamole/core.js
Compiling build :dev to "resources/public/js/compiled/packt_clj/dom_whackamole.js" from ["src"]...
[36m----  Compiler Warning on   src/packt-clj/dom-whackamole/core.cljs   line:15  column:15  ----[0m

  [1mUse of undeclared Var packt-clj.dom-whackamole.core/content[0m

  [36m11[0m  [36m  [:h1 "Je suis content"])[0m
  [36m12[0m  [36m[0m
  [36m13[0m  [36m(defn on-js-reload [][0m
  [36m14[0m  [36m  (.log js/console "Mounted dude")[0m
  [33m15[0m  [1m  (rum/mount (content) (.getElementById js/document "app")))[0m
  [0m  [0m  [33m              ^--- Use of undeclared Var packt-clj.dom-whackamole.core/content[0m

[36m----  Compiler Warning : Please see src/packt-clj/dom-whackamole/core.cljs  ----[0m
[32mSuccessfully compiled build :dev to "resources/public/js/compiled/packt_clj/dom_whackamole.js" in 1.075 seconds.[0m
notifying browser that file changed:  resources/public/js/compiled/out/packt_clj/dom_whackamole/core.js
Compiling build :dev to "resources/public/js/compiled/packt_clj/dom_whackamole.js" from ["src"]...
[32mSuccessfully compiled build :dev to "resources/public/js/compiled/packt_clj/dom_whackamole.js" in 0.784 seconds.[0m
notifying browser that file changed:  resources/public/js/compiled/out/packt_clj/dom_whackamole/core.js
Compiling build :dev to "resources/public/js/compiled/packt_clj/dom_whackamole.js" from ["src"]...
[32mSuccessfully compiled build :dev to "resources/public/js/compiled/packt_clj/dom_whackamole.js" in 0.45 seconds.[0m
notifying browser that file changed:  resources/public/js/compiled/out/packt_clj/dom_whackamole/core.js
Compiling build :dev to "resources/public/js/compiled/packt_clj/dom_whackamole.js" from ["src"]...
[32mSuccessfully compiled build :dev to "resources/public/js/compiled/packt_clj/dom_whackamole.js" in 1.196 seconds.[0m
notifying browser that file changed:  resources/public/js/compiled/out/packt_clj/dom_whackamole/core.js
Compiling build :dev to "resources/public/js/compiled/packt_clj/dom_whackamole.js" from ["src"]...
[32mSuccessfully compiled build :dev to "resources/public/js/compiled/packt_clj/dom_whackamole.js" in 1.668 seconds.[0m
notifying browser that file changed:  resources/public/js/compiled/out/packt_clj/dom_whackamole/core.js
Compiling build :dev to "resources/public/js/compiled/packt_clj/dom_whackamole.js" from ["src"]...
[32mSuccessfully compiled build :dev to "resources/public/js/compiled/packt_clj/dom_whackamole.js" in 1.683 seconds.[0m
notifying browser that file changed:  resources/public/js/compiled/out/packt_clj/dom_whackamole/core.js
Compiling build :dev to "resources/public/js/compiled/packt_clj/dom_whackamole.js" from ["src"]...
[32mSuccessfully compiled build :dev to "resources/public/js/compiled/packt_clj/dom_whackamole.js" in 2.27 seconds.[0m
notifying browser that file changed:  resources/public/js/compiled/out/packt_clj/dom_whackamole/core.js
Compiling build :dev to "resources/public/js/compiled/packt_clj/dom_whackamole.js" from ["src"]...
[32mSuccessfully compiled build :dev to "resources/public/js/compiled/packt_clj/dom_whackamole.js" in 1.601 seconds.[0m
notifying browser that file changed:  resources/public/js/compiled/out/packt_clj/dom_whackamole/core.js
Compiling build :dev to "resources/public/js/compiled/packt_clj/dom_whackamole.js" from ["src"]...
[32mSuccessfully compiled build :dev to "resources/public/js/compiled/packt_clj/dom_whackamole.js" in 1.106 seconds.[0m
notifying browser that file changed:  resources/public/js/compiled/out/packt_clj/dom_whackamole/core.js
Compiling build :dev to "resources/public/js/compiled/packt_clj/dom_whackamole.js" from ["src"]...
[32mSuccessfully compiled build :dev to "resources/public/js/compiled/packt_clj/dom_whackamole.js" in 1.437 seconds.[0m
notifying browser that file changed:  resources/public/js/compiled/out/packt_clj/dom_whackamole/core.js
Compiling build :dev to "resources/public/js/compiled/packt_clj/dom_whackamole.js" from ["src"]...
[36m----  Compiler Warning on   src/packt-clj/dom-whackamole/core.cljs   line:16  column:43  ----[0m

  [1mUse of undeclared Var packt-clj.dom-whackamole.core/%[0m

  [36m12[0m  [36m(rum/defc mole < rum/reactive [mole-idx][0m
  [36m13[0m  [36m  [:div {:class ["mole inactive"]}[0m
  [36m14[0m  [36m   [:a {:onClick (fn [e][0m
  [36m15[0m  [36m                   (update moles mole-idx[0m
  [33m16[0m  [1m                           (fn [m] (if (= % :waiting)[0m
  [0m  [0m  [33m                                          ^--- Use of undeclared Var packt-clj.dom-whackamole.core/%[0m
  [36m17[0m  [36m                                     :clicked[0m
  [36m18[0m  [36m                                     :waiting))))}[0m
  [36m19[0m  [36m    (str "MOLE " (name (get (rum/react moles) mole-idx)) "!")]])[0m
  [36m20[0m  [36m[0m
  [36m21[0m  [36m(rum/defc app [][0m

[36m----  Compiler Warning : Please see src/packt-clj/dom-whackamole/core.cljs  ----[0m
[32mSuccessfully compiled build :dev to "resources/public/js/compiled/packt_clj/dom_whackamole.js" in 0.678 seconds.[0m
notifying browser that file changed:  resources/public/js/compiled/out/packt_clj/dom_whackamole/core.js
Compiling build :dev to "resources/public/js/compiled/packt_clj/dom_whackamole.js" from ["src"]...
[32mSuccessfully compiled build :dev to "resources/public/js/compiled/packt_clj/dom_whackamole.js" in 0.653 seconds.[0m
notifying browser that file changed:  resources/public/js/compiled/out/packt_clj/dom_whackamole/core.js
Compiling build :dev to "resources/public/js/compiled/packt_clj/dom_whackamole.js" from ["src"]...
[32mSuccessfully compiled build :dev to "resources/public/js/compiled/packt_clj/dom_whackamole.js" in 0.665 seconds.[0m
notifying browser that file changed:  resources/public/js/compiled/out/packt_clj/dom_whackamole/core.js
Compiling build :dev to "resources/public/js/compiled/packt_clj/dom_whackamole.js" from ["src"]...
[36m----  Compiler Warning on   src/packt-clj/dom-whackamole/core.cljs   line:19  column:56  ----[0m

  [1mUse of undeclared Var packt-clj.dom-whackamole.core/interval[0m

  [36m15[0m  [36m(defn start-clock [][0m
  [36m16[0m  [36m  (let [interval (js/setInterval (fn [][0m
  [36m17[0m  [36m                                   (swap! seconds-remaining dec)[0m
  [36m18[0m  [36m                                   (when (= @seconds-remaining 0)[0m
  [33m19[0m  [1m                                     (js/clearInterval interval))) 1000)]))[0m
  [0m  [0m  [33m                                                       ^--- Use of undeclared Var packt-clj.dom-whackamole.core/interval[0m
  [36m20[0m  [36m[0m
  [36m21[0m  [36m[0m
  [36m22[0m  [36m(rum/defc clock < rum/reactive [][0m
  [36m23[0m  [36m  [:div.clock[0m
  [36m24[0m  [36m   [:span "Remaining time: "] [:span.time (rum/react seconds-remaining)]])[0m

[36m----  Compiler Warning : Please see src/packt-clj/dom-whackamole/core.cljs  ----[0m
[32mSuccessfully compiled build :dev to "resources/public/js/compiled/packt_clj/dom_whackamole.js" in 2.247 seconds.[0m
notifying browser that file changed:  resources/public/js/compiled/out/packt_clj/dom_whackamole/core.js
Compiling build :dev to "resources/public/js/compiled/packt_clj/dom_whackamole.js" from ["src"]...
[32mSuccessfully compiled build :dev to "resources/public/js/compiled/packt_clj/dom_whackamole.js" in 1.872 seconds.[0m
notifying browser that file changed:  resources/public/js/compiled/out/packt_clj/dom_whackamole/core.js
Compiling build :dev to "resources/public/js/compiled/packt_clj/dom_whackamole.js" from ["src"]...
[32mSuccessfully compiled build :dev to "resources/public/js/compiled/packt_clj/dom_whackamole.js" in 1.719 seconds.[0m
notifying browser that file changed:  resources/public/js/compiled/out/packt_clj/dom_whackamole/core.js
Compiling build :dev to "resources/public/js/compiled/packt_clj/dom_whackamole.js" from ["src"]...
[32mSuccessfully compiled build :dev to "resources/public/js/compiled/packt_clj/dom_whackamole.js" in 2.886 seconds.[0m
notifying browser that file changed:  resources/public/js/compiled/out/packt_clj/dom_whackamole/core.js
Compiling build :dev to "resources/public/js/compiled/packt_clj/dom_whackamole.js" from ["src"]...
[32mSuccessfully compiled build :dev to "resources/public/js/compiled/packt_clj/dom_whackamole.js" in 1.023 seconds.[0m
notifying browser that file changed:  resources/public/js/compiled/out/packt_clj/dom_whackamole/core.js
Compiling build :dev to "resources/public/js/compiled/packt_clj/dom_whackamole.js" from ["src"]...
[32mSuccessfully compiled build :dev to "resources/public/js/compiled/packt_clj/dom_whackamole.js" in 1.32 seconds.[0m
notifying browser that file changed:  resources/public/js/compiled/out/packt_clj/dom_whackamole/core.js
Compiling build :dev to "resources/public/js/compiled/packt_clj/dom_whackamole.js" from ["src"]...
[32mSuccessfully compiled build :dev to "resources/public/js/compiled/packt_clj/dom_whackamole.js" in 1.381 seconds.[0m
notifying browser that file changed:  resources/public/js/compiled/out/packt_clj/dom_whackamole/core.js
Compiling build :dev to "resources/public/js/compiled/packt_clj/dom_whackamole.js" from ["src"]...
[32mSuccessfully compiled build :dev to "resources/public/js/compiled/packt_clj/dom_whackamole.js" in 3.978 seconds.[0m
notifying browser that file changed:  resources/public/js/compiled/out/packt_clj/dom_whackamole/core.js
Compiling build :dev to "resources/public/js/compiled/packt_clj/dom_whackamole.js" from ["src"]...
[32mSuccessfully compiled build :dev to "resources/public/js/compiled/packt_clj/dom_whackamole.js" in 2.285 seconds.[0m
notifying browser that file changed:  resources/public/js/compiled/out/packt_clj/dom_whackamole/core.js
Compiling build :dev to "resources/public/js/compiled/packt_clj/dom_whackamole.js" from ["src"]...
[32mSuccessfully compiled build :dev to "resources/public/js/compiled/packt_clj/dom_whackamole.js" in 0.636 seconds.[0m
notifying browser that file changed:  resources/public/js/compiled/out/packt_clj/dom_whackamole/core.js
Compiling build :dev to "resources/public/js/compiled/packt_clj/dom_whackamole.js" from ["src"]...
[32mSuccessfully compiled build :dev to "resources/public/js/compiled/packt_clj/dom_whackamole.js" in 0.552 seconds.[0m
notifying browser that file changed:  resources/public/js/compiled/out/packt_clj/dom_whackamole/core.js
Compiling build :dev to "resources/public/js/compiled/packt_clj/dom_whackamole.js" from ["src"]...
[32mSuccessfully compiled build :dev to "resources/public/js/compiled/packt_clj/dom_whackamole.js" in 0.59 seconds.[0m
notifying browser that file changed:  resources/public/js/compiled/out/packt_clj/dom_whackamole/core.js
Compiling build :dev to "resources/public/js/compiled/packt_clj/dom_whackamole.js" from ["src"]...
[32mSuccessfully compiled build :dev to "resources/public/js/compiled/packt_clj/dom_whackamole.js" in 1.762 seconds.[0m
notifying browser that file changed:  resources/public/js/compiled/out/packt_clj/dom_whackamole/core.js
Compiling build :dev to "resources/public/js/compiled/packt_clj/dom_whackamole.js" from ["src"]...
[32mSuccessfully compiled build :dev to "resources/public/js/compiled/packt_clj/dom_whackamole.js" in 0.434 seconds.[0m
notifying browser that file changed:  resources/public/js/compiled/out/packt_clj/dom_whackamole/core.js
Compiling build :dev to "resources/public/js/compiled/packt_clj/dom_whackamole.js" from ["src"]...
[32mSuccessfully compiled build :dev to "resources/public/js/compiled/packt_clj/dom_whackamole.js" in 0.614 seconds.[0m
notifying browser that file changed:  resources/public/js/compiled/out/packt_clj/dom_whackamole/core.js
Compiling build :dev to "resources/public/js/compiled/packt_clj/dom_whackamole.js" from ["src"]...
[32mSuccessfully compiled build :dev to "resources/public/js/compiled/packt_clj/dom_whackamole.js" in 0.611 seconds.[0m
notifying browser that file changed:  resources/public/js/compiled/out/packt_clj/dom_whackamole/core.js
Compiling build :dev to "resources/public/js/compiled/packt_clj/dom_whackamole.js" from ["src"]...
[32mSuccessfully compiled build :dev to "resources/public/js/compiled/packt_clj/dom_whackamole.js" in 0.534 seconds.[0m
notifying browser that file changed:  resources/public/js/compiled/out/packt_clj/dom_whackamole/core.js
Compiling build :dev to "resources/public/js/compiled/packt_clj/dom_whackamole.js" from ["src"]...
[32mSuccessfully compiled build :dev to "resources/public/js/compiled/packt_clj/dom_whackamole.js" in 0.456 seconds.[0m
notifying browser that file changed:  resources/public/js/compiled/out/packt_clj/dom_whackamole/core.js
Compiling build :dev to "resources/public/js/compiled/packt_clj/dom_whackamole.js" from ["src"]...
[32mSuccessfully compiled build :dev to "resources/public/js/compiled/packt_clj/dom_whackamole.js" in 0.418 seconds.[0m
notifying browser that file changed:  resources/public/js/compiled/out/packt_clj/dom_whackamole/core.js
Compiling build :dev to "resources/public/js/compiled/packt_clj/dom_whackamole.js" from ["src"]...
[32mSuccessfully compiled build :dev to "resources/public/js/compiled/packt_clj/dom_whackamole.js" in 0.518 seconds.[0m
notifying browser that file changed:  resources/public/js/compiled/out/packt_clj/dom_whackamole/core.js
Compiling build :dev to "resources/public/js/compiled/packt_clj/dom_whackamole.js" from ["src"]...
[32mSuccessfully compiled build :dev to "resources/public/js/compiled/packt_clj/dom_whackamole.js" in 0.876 seconds.[0m
notifying browser that file changed:  resources/public/js/compiled/out/packt_clj/dom_whackamole/core.js
Compiling build :dev to "resources/public/js/compiled/packt_clj/dom_whackamole.js" from ["src"]...
[32mSuccessfully compiled build :dev to "resources/public/js/compiled/packt_clj/dom_whackamole.js" in 0.633 seconds.[0m
notifying browser that file changed:  resources/public/js/compiled/out/packt_clj/dom_whackamole/core.js
Compiling build :dev to "resources/public/js/compiled/packt_clj/dom_whackamole.js" from ["src"]...
[36m----  Compiler Warning on   src/packt-clj/dom-whackamole/core.cljs   line:63  column:6  ----[0m

  [1mUse of undeclared Var packt-clj.dom-whackamole.core/score[0m

  [36m59[0m  [36m    [:h1 "Welcome to DOM Whackamole"][0m
  [36m60[0m  [36m    [:p "When a DOM element turns black, click on it as fast as you can."][0m
  [36m61[0m  [36m    (start-game-button)[0m
  [36m62[0m  [36m    (clock)[0m
  [33m63[0m  [1m    (score)][0m
  [0m  [0m  [33m     ^--- Use of undeclared Var packt-clj.dom-whackamole.core/score[0m
  [36m64[0m  [36m[0m
  [36m65[0m  [36m   [:div.game[0m
  [36m66[0m  [36m    (mole 0)[0m
  [36m67[0m  [36m    (mole 1)[0m
  [36m68[0m  [36m    (mole 2)[0m

[36m----  Compiler Warning : Please see src/packt-clj/dom-whackamole/core.cljs  ----[0m
[32mSuccessfully compiled build :dev to "resources/public/js/compiled/packt_clj/dom_whackamole.js" in 0.569 seconds.[0m
notifying browser that file changed:  resources/public/js/compiled/out/packt_clj/dom_whackamole/core.js
Compiling build :dev to "resources/public/js/compiled/packt_clj/dom_whackamole.js" from ["src"]...
[32mSuccessfully compiled build :dev to "resources/public/js/compiled/packt_clj/dom_whackamole.js" in 0.66 seconds.[0m
notifying browser that file changed:  resources/public/js/compiled/out/packt_clj/dom_whackamole/core.js
Compiling build :dev to "resources/public/js/compiled/packt_clj/dom_whackamole.js" from ["src"]...
[32mSuccessfully compiled build :dev to "resources/public/js/compiled/packt_clj/dom_whackamole.js" in 0.736 seconds.[0m
notifying browser that file changed:  resources/public/js/compiled/out/packt_clj/dom_whackamole/core.js
Compiling build :dev to "resources/public/js/compiled/packt_clj/dom_whackamole.js" from ["src"]...
[32mSuccessfully compiled build :dev to "resources/public/js/compiled/packt_clj/dom_whackamole.js" in 0.491 seconds.[0m
notifying browser that file changed:  resources/public/js/compiled/out/packt_clj/dom_whackamole/core.js
Compiling build :dev to "resources/public/js/compiled/packt_clj/dom_whackamole.js" from ["src"]...
[32mSuccessfully compiled build :dev to "resources/public/js/compiled/packt_clj/dom_whackamole.js" in 0.607 seconds.[0m
notifying browser that file changed:  resources/public/js/compiled/out/packt_clj/dom_whackamole/core.js
Compiling build :dev to "resources/public/js/compiled/packt_clj/dom_whackamole.js" from ["src"]...
[36m----  Compiler Warning on   src/packt-clj/dom-whackamole/core.cljs   line:34  column:4  ----[0m

  [1mUse of undeclared Var packt-clj.dom-whackamole.core/update-moles[0m

  [36m30[0m  [36m(defn start-game [][0m
  [36m31[0m  [36m  (start-clock)[0m
  [36m32[0m  [36m  (swap! game-state (constantly :playing))[0m
  [36m33[0m  [36m  (swap! seconds-remaining (constantly 20))[0m
  [33m34[0m  [1m  (update-moles))[0m
  [0m  [0m  [33m   ^--- Use of undeclared Var packt-clj.dom-whackamole.core/update-moles[0m
  [36m35[0m  [36m[0m
  [36m36[0m  [36m(defn whack! [mole-idx][0m
  [36m37[0m  [36m  (let [{:keys [status waiting]} (get @moles mole-idx)][0m
  [36m38[0m  [36m    (when (= status :live)[0m
  [36m39[0m  [36m      (swap! points inc))))[0m

[36m----  Compiler Warning : Please see src/packt-clj/dom-whackamole/core.cljs  ----[0m
[32mSuccessfully compiled build :dev to "resources/public/js/compiled/packt_clj/dom_whackamole.js" in 0.487 seconds.[0m
notifying browser that file changed:  resources/public/js/compiled/out/packt_clj/dom_whackamole/core.js
Compiling build :dev to "resources/public/js/compiled/packt_clj/dom_whackamole.js" from ["src"]...
[32mSuccessfully compiled build :dev to "resources/public/js/compiled/packt_clj/dom_whackamole.js" in 0.431 seconds.[0m
notifying browser that file changed:  resources/public/js/compiled/out/packt_clj/dom_whackamole/core.js
Compiling build :dev to "resources/public/js/compiled/packt_clj/dom_whackamole.js" from ["src"]...
[36m----  Compiler Warning on   src/packt-clj/dom-whackamole/core.cljs   line:36  column:46  ----[0m

  [1mUse of undeclared Var packt-clj.dom-whackamole.core/m[0m

  [36m32[0m  [36m(defn activate-mole [mole-idx][0m
  [36m33[0m  [36m  (swap! moles[0m
  [36m34[0m  [36m         (fn [ms][0m
  [36m35[0m  [36m           (update ms mole-idx[0m
  [33m36[0m  [1m                   #(if (= :waiting (:status m))[0m
  [0m  [0m  [33m                                             ^--- Use of undeclared Var packt-clj.dom-whackamole.core/m[0m
  [36m37[0m  [36m                      {:status :live :remaining-millis 3000}[0m
  [36m38[0m  [36m                      m)))))[0m
  [36m39[0m  [36m[0m
  [36m40[0m  [36m(defn update-moles [][0m
  [36m41[0m  [36m  (let [active-mole-count (count (filter #(= (:status %) :live) @moles))][0m

[36m----  Compiler Warning : Please see src/packt-clj/dom-whackamole/core.cljs  ----[0m
[36m----  Compiler Warning on   src/packt-clj/dom-whackamole/core.cljs   line:38  column:23  ----[0m

  [1mUse of undeclared Var packt-clj.dom-whackamole.core/m[0m

  [36m34[0m  [36m         (fn [ms][0m
  [36m35[0m  [36m           (update ms mole-idx[0m
  [36m36[0m  [36m                   #(if (= :waiting (:status m))[0m
  [36m37[0m  [36m                      {:status :live :remaining-millis 3000}[0m
  [33m38[0m  [1m                      m)))))[0m
  [0m  [0m  [33m                      ^--- Use of undeclared Var packt-clj.dom-whackamole.core/m[0m
  [36m39[0m  [36m[0m
  [36m40[0m  [36m(defn update-moles [][0m
  [36m41[0m  [36m  (let [active-mole-count (count (filter #(= (:status %) :live) @moles))][0m
  [36m42[0m  [36m    (if (< active-mole-count 2)[0m
  [36m43[0m  [36m      (activate-mole (rand-int 5)))))[0m

[36m----  Compiler Warning : Please see src/packt-clj/dom-whackamole/core.cljs  ----[0m
[32mSuccessfully compiled build :dev to "resources/public/js/compiled/packt_clj/dom_whackamole.js" in 0.516 seconds.[0m
notifying browser that file changed:  resources/public/js/compiled/out/cljs_deps.js
notifying browser that file changed:  resources/public/js/compiled/out/packt_clj/dom_whackamole/core.js
Compiling build :dev to "resources/public/js/compiled/packt_clj/dom_whackamole.js" from ["src"]...
[32mSuccessfully compiled build :dev to "resources/public/js/compiled/packt_clj/dom_whackamole.js" in 0.425 seconds.[0m
notifying browser that file changed:  resources/public/js/compiled/out/packt_clj/dom_whackamole/core.js
Compiling build :dev to "resources/public/js/compiled/packt_clj/dom_whackamole.js" from ["src"]...
[32mSuccessfully compiled build :dev to "resources/public/js/compiled/packt_clj/dom_whackamole.js" in 0.542 seconds.[0m
notifying browser that file changed:  resources/public/js/compiled/out/packt_clj/dom_whackamole/core.js
Compiling build :dev to "resources/public/js/compiled/packt_clj/dom_whackamole.js" from ["src"]...
[32mSuccessfully compiled build :dev to "resources/public/js/compiled/packt_clj/dom_whackamole.js" in 0.594 seconds.[0m
notifying browser that file changed:  resources/public/js/compiled/out/packt_clj/dom_whackamole/core.js
Compiling build :dev to "resources/public/js/compiled/packt_clj/dom_whackamole.js" from ["src"]...
[32mSuccessfully compiled build :dev to "resources/public/js/compiled/packt_clj/dom_whackamole.js" in 0.754 seconds.[0m
notifying browser that file changed:  resources/public/js/compiled/out/packt_clj/dom_whackamole/core.js
Compiling build :dev to "resources/public/js/compiled/packt_clj/dom_whackamole.js" from ["src"]...
[36m----  Compiler Warning on   src/packt-clj/dom-whackamole/core.cljs   line:30  column:27  ----[0m

  [1mUse of undeclared Var packt-clj.dom-whackamole.core/update-moles[0m

  [36m26[0m  [36m            (fn [] (if (= @game-state :playing)[0m
  [36m27[0m  [36m                     (if (zero? @seconds-remaining)[0m
  [36m28[0m  [36m                       (swap! game-state (constantly :waiting))[0m
  [36m29[0m  [36m                       (do[0m
  [33m30[0m  [1m                         (update-moles)[0m
  [0m  [0m  [33m                          ^--- Use of undeclared Var packt-clj.dom-whackamole.core/update-moles[0m
  [36m31[0m  [36m                         (swap! seconds-remaining dec)))))[0m
  [36m32[0m  [36m            1000)))[0m
  [36m33[0m  [36m[0m
  [36m34[0m  [36m(defn activate-mole [mole-idx][0m
  [36m35[0m  [36m  (swap! moles[0m

[36m----  Compiler Warning : Please see src/packt-clj/dom-whackamole/core.cljs  ----[0m
[32mSuccessfully compiled build :dev to "resources/public/js/compiled/packt_clj/dom_whackamole.js" in 0.733 seconds.[0m
notifying browser that file changed:  resources/public/js/compiled/out/packt_clj/dom_whackamole/core.js
Compiling build :dev to "resources/public/js/compiled/packt_clj/dom_whackamole.js" from ["src"]...
[32mSuccessfully compiled build :dev to "resources/public/js/compiled/packt_clj/dom_whackamole.js" in 0.644 seconds.[0m
notifying browser that file changed:  resources/public/js/compiled/out/packt_clj/dom_whackamole/core.js
Compiling build :dev to "resources/public/js/compiled/packt_clj/dom_whackamole.js" from ["src"]...
[36m----  Compiler Warning on   src/packt-clj/dom-whackamole/core.cljs   line:41  column:49  ----[0m

  [1mUse of undeclared Var packt-clj.dom-whackamole.core/%[0m

  [36m37[0m  [36m(swap! moles[0m
  [36m38[0m  [36m       (fn [ms][0m
  [36m39[0m  [36m         (map (fn [m][0m
  [36m40[0m  [36m                (if (= (:status m) :live)[0m
  [33m41[0m  [1m                  (let [new-remaining (max (- % 1000) 0)][0m
  [0m  [0m  [33m                                              ^--- Use of undeclared Var packt-clj.dom-whackamole.core/%[0m
  [36m42[0m  [36m                    (if (pos? new-remaining)[0m
  [36m43[0m  [36m                      (assoc m :remaining-millis new-remaining)[0m
  [36m44[0m  [36m                      {:status :waiting :remaining-millis 0}))))[0m
  [36m45[0m  [36m              ms))))[0m

[36m----  Compiler Warning : Please see src/packt-clj/dom-whackamole/core.cljs  ----[0m
[32mSuccessfully compiled build :dev to "resources/public/js/compiled/packt_clj/dom_whackamole.js" in 0.663 seconds.[0m
notifying browser that file changed:  resources/public/js/compiled/out/packt_clj/dom_whackamole/core.js
Compiling build :dev to "resources/public/js/compiled/packt_clj/dom_whackamole.js" from ["src"]...
[32mSuccessfully compiled build :dev to "resources/public/js/compiled/packt_clj/dom_whackamole.js" in 0.733 seconds.[0m
notifying browser that file changed:  resources/public/js/compiled/out/packt_clj/dom_whackamole/core.js
Compiling build :dev to "resources/public/js/compiled/packt_clj/dom_whackamole.js" from ["src"]...
[32mSuccessfully compiled build :dev to "resources/public/js/compiled/packt_clj/dom_whackamole.js" in 0.936 seconds.[0m
notifying browser that file changed:  resources/public/js/compiled/out/packt_clj/dom_whackamole/core.js
Compiling build :dev to "resources/public/js/compiled/packt_clj/dom_whackamole.js" from ["src"]...
[32mSuccessfully compiled build :dev to "resources/public/js/compiled/packt_clj/dom_whackamole.js" in 0.742 seconds.[0m
notifying browser that file changed:  resources/public/js/compiled/out/packt_clj/dom_whackamole/core.js
Compiling build :dev to "resources/public/js/compiled/packt_clj/dom_whackamole.js" from ["src"]...
[32mSuccessfully compiled build :dev to "resources/public/js/compiled/packt_clj/dom_whackamole.js" in 0.835 seconds.[0m
notifying browser that file changed:  resources/public/js/compiled/out/packt_clj/dom_whackamole/core.js
Compiling build :dev to "resources/public/js/compiled/packt_clj/dom_whackamole.js" from ["src"]...
[32mSuccessfully compiled build :dev to "resources/public/js/compiled/packt_clj/dom_whackamole.js" in 0.827 seconds.[0m
notifying browser that file changed:  resources/public/js/compiled/out/packt_clj/dom_whackamole/core.js
Compiling build :dev to "resources/public/js/compiled/packt_clj/dom_whackamole.js" from ["src"]...
[32mSuccessfully compiled build :dev to "resources/public/js/compiled/packt_clj/dom_whackamole.js" in 0.914 seconds.[0m
notifying browser that file changed:  resources/public/js/compiled/out/packt_clj/dom_whackamole/core.js
Compiling build :dev to "resources/public/js/compiled/packt_clj/dom_whackamole.js" from ["src"]...
[32mSuccessfully compiled build :dev to "resources/public/js/compiled/packt_clj/dom_whackamole.js" in 0.561 seconds.[0m
notifying browser that file changed:  resources/public/js/compiled/out/packt_clj/dom_whackamole/core.js
Compiling build :dev to "resources/public/js/compiled/packt_clj/dom_whackamole.js" from ["src"]...
[32mSuccessfully compiled build :dev to "resources/public/js/compiled/packt_clj/dom_whackamole.js" in 0.715 seconds.[0m
notifying browser that file changed:  resources/public/js/compiled/out/packt_clj/dom_whackamole/core.js
Compiling build :dev to "resources/public/js/compiled/packt_clj/dom_whackamole.js" from ["src"]...
[32mSuccessfully compiled build :dev to "resources/public/js/compiled/packt_clj/dom_whackamole.js" in 0.524 seconds.[0m
notifying browser that file changed:  resources/public/js/compiled/out/packt_clj/dom_whackamole/core.js
Compiling build :dev to "resources/public/js/compiled/packt_clj/dom_whackamole.js" from ["src"]...
[32mSuccessfully compiled build :dev to "resources/public/js/compiled/packt_clj/dom_whackamole.js" in 0.475 seconds.[0m
notifying browser that file changed:  resources/public/js/compiled/out/packt_clj/dom_whackamole/core.js
Compiling build :dev to "resources/public/js/compiled/packt_clj/dom_whackamole.js" from ["src"]...
[32mSuccessfully compiled build :dev to "resources/public/js/compiled/packt_clj/dom_whackamole.js" in 0.761 seconds.[0m
notifying browser that file changed:  resources/public/js/compiled/out/packt_clj/dom_whackamole/core.js
Compiling build :dev to "resources/public/js/compiled/packt_clj/dom_whackamole.js" from ["src"]...
[31mFailed to compile build :dev from ["src"] in 0.429 seconds.[0m
[36m----  Could not Read  src/packt-clj/dom-whackamole/core.cljs   line:65  column:52  ----[0m

  [1mNested #()s are not allowed[0m

  [36m63[0m  [36m           (do[0m
  [36m64[0m  [36m             (update-moles)[0m
  [33m65[0m  [1m             (swap! millis-remaining #(- % 100))))))[0m
  [0m  [0m  [33m                                       ^--- Nested #()s are not allowed[0m
  [36m66[0m  [36m100)))[0m

[36m----  Reader Error : Please see src/packt-clj/dom-whackamole/core.cljs  ----[0m
Compiling build :dev to "resources/public/js/compiled/packt_clj/dom_whackamole.js" from ["src"]...
[36m----  Compiler Warning on   src/packt-clj/dom-whackamole/core.cljs   line:62  column:35  ----[0m

  [1mUse of undeclared Var packt-clj.dom-whackamole.core/seconds-remaining[0m

  [36m58[0m  [36m(swap! clock-interval[0m
  [36m59[0m  [36m       (fn [][0m
  [36m60[0m  [36m         (js/setInterval[0m
  [36m61[0m  [36m           (fn [] (if (= @game-state :playing)[0m
  [33m62[0m  [1m                    (if (zero? @seconds-remaining)[0m
  [0m  [0m  [33m                                ^--- Use of undeclared Var packt-clj.dom-whackamole.core/seconds-remaining[0m
  [36m63[0m  [36m                      (swap! game-state (constantly :waiting))[0m
  [36m64[0m  [36m                      (do[0m
  [36m65[0m  [36m                        (update-moles)[0m
  [36m66[0m  [36m                        (swap! millis-remaining #(- % 100))))))[0m
  [36m67[0m  [36m           100))))[0m

[36m----  Compiler Warning : Please see src/packt-clj/dom-whackamole/core.cljs  ----[0m
[36m----  Compiler Warning on   src/packt-clj/dom-whackamole/core.cljs   line:73  column:10  ----[0m

  [1mUse of undeclared Var packt-clj.dom-whackamole.core/seconds-remaining[0m

  [36m70[0m  [36m(defn start-game [][0m
  [36m71[0m  [36m  (start-clock)[0m
  [36m72[0m  [36m  (swap! game-state (constantly :playing))[0m
  [33m73[0m  [1m  (swap! seconds-remaining (constantly 20)))[0m
  [0m  [0m  [33m         ^--- Use of undeclared Var packt-clj.dom-whackamole.core/seconds-remaining[0m
  [36m74[0m  [36m[0m
  [36m75[0m  [36m(defn whack! [mole-idx][0m
  [36m76[0m  [36m  (let [{:keys [status waiting]} (get @moles mole-idx)][0m
  [36m77[0m  [36m    (when (= status :live)[0m
  [36m78[0m  [36m      (deactivate-mole mole-idx)[0m

[36m----  Compiler Warning : Please see src/packt-clj/dom-whackamole/core.cljs  ----[0m
[36m----  Compiler Warning on   src/packt-clj/dom-whackamole/core.cljs   line:83  column:54  ----[0m

  [1mUse of undeclared Var packt-clj.dom-whackamole.core/seconds-remaining[0m

  [36m79[0m  [36m      (swap! points inc))))[0m
  [36m80[0m  [36m[0m
  [36m81[0m  [36m(rum/defc clock < rum/reactive [][0m
  [36m82[0m  [36m  [:div.clock[0m
  [33m83[0m  [1m   [:span "Remaining time: "] [:span.time (rum/react seconds-remaining)]])[0m
  [0m  [0m  [33m                                                     ^--- Use of undeclared Var packt-clj.dom-whackamole.core/seconds-remaining[0m
  [36m84[0m  [36m[0m
  [36m85[0m  [36m(rum/defc score < rum/reactive [][0m
  [36m86[0m  [36m  [:div.score[0m
  [36m87[0m  [36m   [:span "Score: "] [:span (rum/react points)]])[0m

[36m----  Compiler Warning : Please see src/packt-clj/dom-whackamole/core.cljs  ----[0m
[32mSuccessfully compiled build :dev to "resources/public/js/compiled/packt_clj/dom_whackamole.js" in 0.736 seconds.[0m
notifying browser that file changed:  resources/public/js/compiled/out/packt_clj/dom_whackamole/core.js
Compiling build :dev to "resources/public/js/compiled/packt_clj/dom_whackamole.js" from ["src"]...
[36m----  Compiler Warning on   src/packt-clj/dom-whackamole/core.cljs   line:73  column:10  ----[0m

  [1mUse of undeclared Var packt-clj.dom-whackamole.core/seconds-remaining[0m

  [36m70[0m  [36m(defn start-game [][0m
  [36m71[0m  [36m  (start-clock)[0m
  [36m72[0m  [36m  (swap! game-state (constantly :playing))[0m
  [33m73[0m  [1m  (swap! seconds-remaining (constantly 20)))[0m
  [0m  [0m  [33m         ^--- Use of undeclared Var packt-clj.dom-whackamole.core/seconds-remaining[0m
  [36m74[0m  [36m[0m
  [36m75[0m  [36m(defn whack! [mole-idx][0m
  [36m76[0m  [36m  (let [{:keys [status waiting]} (get @moles mole-idx)][0m
  [36m77[0m  [36m    (when (= status :live)[0m
  [36m78[0m  [36m      (deactivate-mole mole-idx)[0m

[36m----  Compiler Warning : Please see src/packt-clj/dom-whackamole/core.cljs  ----[0m
[36m----  Compiler Warning on   src/packt-clj/dom-whackamole/core.cljs   line:83  column:54  ----[0m

  [1mUse of undeclared Var packt-clj.dom-whackamole.core/seconds-remaining[0m

  [36m79[0m  [36m      (swap! points inc))))[0m
  [36m80[0m  [36m[0m
  [36m81[0m  [36m(rum/defc clock < rum/reactive [][0m
  [36m82[0m  [36m  [:div.clock[0m
  [33m83[0m  [1m   [:span "Remaining time: "] [:span.time (rum/react seconds-remaining)]])[0m
  [0m  [0m  [33m                                                     ^--- Use of undeclared Var packt-clj.dom-whackamole.core/seconds-remaining[0m
  [36m84[0m  [36m[0m
  [36m85[0m  [36m(rum/defc score < rum/reactive [][0m
  [36m86[0m  [36m  [:div.score[0m
  [36m87[0m  [36m   [:span "Score: "] [:span (rum/react points)]])[0m

[36m----  Compiler Warning : Please see src/packt-clj/dom-whackamole/core.cljs  ----[0m
[32mSuccessfully compiled build :dev to "resources/public/js/compiled/packt_clj/dom_whackamole.js" in 0.693 seconds.[0m
notifying browser that file changed:  resources/public/js/compiled/out/packt_clj/dom_whackamole/core.js
Compiling build :dev to "resources/public/js/compiled/packt_clj/dom_whackamole.js" from ["src"]...
[36m----  Compiler Warning on   src/packt-clj/dom-whackamole/core.cljs   line:83  column:54  ----[0m

  [1mUse of undeclared Var packt-clj.dom-whackamole.core/seconds-remaining[0m

  [36m79[0m  [36m      (swap! points inc))))[0m
  [36m80[0m  [36m[0m
  [36m81[0m  [36m(rum/defc clock < rum/reactive [][0m
  [36m82[0m  [36m  [:div.clock[0m
  [33m83[0m  [1m   [:span "Remaining time: "] [:span.time (rum/react seconds-remaining)]])[0m
  [0m  [0m  [33m                                                     ^--- Use of undeclared Var packt-clj.dom-whackamole.core/seconds-remaining[0m
  [36m84[0m  [36m[0m
  [36m85[0m  [36m(rum/defc score < rum/reactive [][0m
  [36m86[0m  [36m  [:div.score[0m
  [36m87[0m  [36m   [:span "Score: "] [:span (rum/react points)]])[0m

[36m----  Compiler Warning : Please see src/packt-clj/dom-whackamole/core.cljs  ----[0m
[32mSuccessfully compiled build :dev to "resources/public/js/compiled/packt_clj/dom_whackamole.js" in 0.672 seconds.[0m
notifying browser that file changed:  resources/public/js/compiled/out/packt_clj/dom_whackamole/core.js
Compiling build :dev to "resources/public/js/compiled/packt_clj/dom_whackamole.js" from ["src"]...
[32mSuccessfully compiled build :dev to "resources/public/js/compiled/packt_clj/dom_whackamole.js" in 0.455 seconds.[0m
notifying browser that file changed:  resources/public/js/compiled/out/packt_clj/dom_whackamole/core.js
Compiling build :dev to "resources/public/js/compiled/packt_clj/dom_whackamole.js" from ["src"]...
[32mSuccessfully compiled build :dev to "resources/public/js/compiled/packt_clj/dom_whackamole.js" in 0.605 seconds.[0m
notifying browser that file changed:  resources/public/js/compiled/out/packt_clj/dom_whackamole/core.js
Compiling build :dev to "resources/public/js/compiled/packt_clj/dom_whackamole.js" from ["src"]...
[32mSuccessfully compiled build :dev to "resources/public/js/compiled/packt_clj/dom_whackamole.js" in 0.562 seconds.[0m
notifying browser that file changed:  resources/public/js/compiled/out/packt_clj/dom_whackamole/core.js
Compiling build :dev to "resources/public/js/compiled/packt_clj/dom_whackamole.js" from ["src"]...
[32mSuccessfully compiled build :dev to "resources/public/js/compiled/packt_clj/dom_whackamole.js" in 0.667 seconds.[0m
notifying browser that file changed:  resources/public/js/compiled/out/packt_clj/dom_whackamole/core.js
Compiling build :dev to "resources/public/js/compiled/packt_clj/dom_whackamole.js" from ["src"]...
[32mSuccessfully compiled build :dev to "resources/public/js/compiled/packt_clj/dom_whackamole.js" in 0.774 seconds.[0m
notifying browser that file changed:  resources/public/js/compiled/out/goog/deps.js
notifying browser that file changed:  resources/public/js/compiled/out/cljs_deps.js
notifying browser that file changed:  resources/public/js/compiled/out/packt_clj/dom_whackamole/core.js
Compiling build :dev to "resources/public/js/compiled/packt_clj/dom_whackamole.js" from ["src"]...
[32mSuccessfully compiled build :dev to "resources/public/js/compiled/packt_clj/dom_whackamole.js" in 0.709 seconds.[0m
notifying browser that file changed:  resources/public/js/compiled/out/packt_clj/dom_whackamole/core.js
Compiling build :dev to "resources/public/js/compiled/packt_clj/dom_whackamole.js" from ["src"]...
[32mSuccessfully compiled build :dev to "resources/public/js/compiled/packt_clj/dom_whackamole.js" in 0.526 seconds.[0m
notifying browser that file changed:  resources/public/js/compiled/out/packt_clj/dom_whackamole/core.js
Compiling build :dev to "resources/public/js/compiled/packt_clj/dom_whackamole.js" from ["src"]...
[32mSuccessfully compiled build :dev to "resources/public/js/compiled/packt_clj/dom_whackamole.js" in 0.688 seconds.[0m
notifying browser that file changed:  resources/public/js/compiled/out/packt_clj/dom_whackamole/core.js
Compiling build :dev to "resources/public/js/compiled/packt_clj/dom_whackamole.js" from ["src"]...
[32mSuccessfully compiled build :dev to "resources/public/js/compiled/packt_clj/dom_whackamole.js" in 0.487 seconds.[0m
notifying browser that file changed:  resources/public/js/compiled/out/packt_clj/dom_whackamole/core.js
Compiling build :dev to "resources/public/js/compiled/packt_clj/dom_whackamole.js" from ["src"]...
[36m----  Compiler Warning on   src/packt-clj/dom-whackamole/core.cljs   line:104  column:1  ----[0m

  [1mmoles at line 17 is being replaced[0m

  [36m100[0m  [36m     "Click to play!"][0m
  [36m101[0m  [36m    [:div "Game on!"]))[0m
  [36m102[0m  [36m[0m
  [36m103[0m  [36m[0m
  [33m104[0m  [1m(rum/defc moles < rum/reactive[0m
  [0m   [0m  [33m^--- moles at line 17 is being replaced[0m
  [36m105[0m  [36m  (let [molz @moles][0m
  [36m106[0m  [36m    [:div.game.moles[0m
  [36m107[0m  [36m     (mole 0 (first molz))[0m
  [36m108[0m  [36m     (mole 1 (second molz))[0m
  [36m109[0m  [36m     (mole 2 (nth molz 2))[0m

[36m----  Compiler Warning : Please see src/packt-clj/dom-whackamole/core.cljs  ----[0m
[31mFailed to compile build :dev from ["src"] in 0.287 seconds.[0m
[36m----  Could not Compile  src/packt-clj/dom-whackamole/core.cljs  ----[0m

  [1mfailed compiling file:src/packt-clj/dom-whackamole/core.cljs[0m

[36m----  Compiler Error : Please see src/packt-clj/dom-whackamole/core.cljs  ----[0m
Compiling build :dev to "resources/public/js/compiled/packt_clj/dom_whackamole.js" from ["src"]...
[36m----  Compiler Warning on   src/packt-clj/dom-whackamole/core.cljs   line:104  column:1  ----[0m

  [1mmoles at line 17 is being replaced[0m

  [36m100[0m  [36m     "Click to play!"][0m
  [36m101[0m  [36m    [:div "Game on!"]))[0m
  [36m102[0m  [36m[0m
  [36m103[0m  [36m[0m
  [33m104[0m  [1m(rum/defc moles < rum/reactive[0m
  [0m   [0m  [33m^--- moles at line 17 is being replaced[0m
  [36m105[0m  [36m  (let [molz @moles][0m
  [36m106[0m  [36m    [:div.game.moles[0m
  [36m107[0m  [36m     (mole 0 (first molz))[0m
  [36m108[0m  [36m     (mole 1 (second molz))[0m
  [36m109[0m  [36m     (mole 2 (nth molz 2))[0m

[36m----  Compiler Warning : Please see src/packt-clj/dom-whackamole/core.cljs  ----[0m
[31mFailed to compile build :dev from ["src"] in 0.238 seconds.[0m
[36m----  Could not Compile  src/packt-clj/dom-whackamole/core.cljs  ----[0m

  [1mfailed compiling file:src/packt-clj/dom-whackamole/core.cljs[0m

[36m----  Compiler Error : Please see src/packt-clj/dom-whackamole/core.cljs  ----[0m
Compiling build :dev to "resources/public/js/compiled/packt_clj/dom_whackamole.js" from ["src"]...
[36m----  Compiler Warning on   src/packt-clj/dom-whackamole/core.cljs   line:104  column:1  ----[0m

  [1mmoles at line 17 is being replaced[0m

  [36m100[0m  [36m     "Click to play!"][0m
  [36m101[0m  [36m    [:div "Game on!"]))[0m
  [36m102[0m  [36m[0m
  [36m103[0m  [36m[0m
  [33m104[0m  [1m(rum/defc moles < rum/reactive[0m
  [0m   [0m  [33m^--- moles at line 17 is being replaced[0m
  [36m105[0m  [36m  (let [molz @moles][0m
  [36m106[0m  [36m    [:div.game.moles[0m
  [36m107[0m  [36m     (mole 0 (first molz))[0m
  [36m108[0m  [36m     (mole 1 (second molz))[0m
  [36m109[0m  [36m     (mole 2 (nth molz 2))[0m

[36m----  Compiler Warning : Please see src/packt-clj/dom-whackamole/core.cljs  ----[0m
[31mFailed to compile build :dev from ["src"] in 0.239 seconds.[0m
[36m----  Could not Compile  src/packt-clj/dom-whackamole/core.cljs  ----[0m

  [1mfailed compiling file:src/packt-clj/dom-whackamole/core.cljs[0m

[36m----  Compiler Error : Please see src/packt-clj/dom-whackamole/core.cljs  ----[0m
Compiling build :dev to "resources/public/js/compiled/packt_clj/dom_whackamole.js" from ["src"]...
[36m----  Compiler Warning on   src/packt-clj/dom-whackamole/core.cljs   line:104  column:1  ----[0m

  [1mmoles at line 17 is being replaced[0m

  [36m100[0m  [36m     "Click to play!"][0m
  [36m101[0m  [36m    [:div "Game on!"]))[0m
  [36m102[0m  [36m[0m
  [36m103[0m  [36m[0m
  [33m104[0m  [1m(rum/defc moles < rum/reactive[0m
  [0m   [0m  [33m^--- moles at line 17 is being replaced[0m
  [36m105[0m  [36m  [:div.game.moles[0m
  [36m106[0m  [36m   (mole 0 (first @moles))[0m
  [36m107[0m  [36m   (mole 1 (second @moles))[0m
  [36m108[0m  [36m   (mole 2 (nth @moles 2))[0m
  [36m109[0m  [36m   (mole 3 (nth @moles 3))[0m

[36m----  Compiler Warning : Please see src/packt-clj/dom-whackamole/core.cljs  ----[0m
[31mFailed to compile build :dev from ["src"] in 0.281 seconds.[0m
[36m----  Could not Compile  src/packt-clj/dom-whackamole/core.cljs  ----[0m

  [1mfailed compiling file:src/packt-clj/dom-whackamole/core.cljs[0m

[36m----  Compiler Error : Please see src/packt-clj/dom-whackamole/core.cljs  ----[0m
Compiling build :dev to "resources/public/js/compiled/packt_clj/dom_whackamole.js" from ["src"]...
[36m----  Compiler Warning on   src/packt-clj/dom-whackamole/core.cljs   line:104  column:1  ----[0m

  [1mmoles at line 17 is being replaced[0m

  [36m100[0m  [36m     "Click to play!"][0m
  [36m101[0m  [36m    [:div "Game on!"]))[0m
  [36m102[0m  [36m[0m
  [36m103[0m  [36m[0m
  [33m104[0m  [1m(rum/defc moles < rum/reactive[0m
  [0m   [0m  [33m^--- moles at line 17 is being replaced[0m
  [36m105[0m  [36m  [:div {:class "game moles"}[0m
  [36m106[0m  [36m   (mole 0 (first @moles))[0m
  [36m107[0m  [36m   (mole 1 (second @moles))[0m
  [36m108[0m  [36m   (mole 2 (nth @moles 2))[0m
  [36m109[0m  [36m   (mole 3 (nth @moles 3))[0m

[36m----  Compiler Warning : Please see src/packt-clj/dom-whackamole/core.cljs  ----[0m
[31mFailed to compile build :dev from ["src"] in 0.256 seconds.[0m
[36m----  Could not Compile  src/packt-clj/dom-whackamole/core.cljs  ----[0m

  [1mfailed compiling file:src/packt-clj/dom-whackamole/core.cljs[0m

[36m----  Compiler Error : Please see src/packt-clj/dom-whackamole/core.cljs  ----[0m
Compiling build :dev to "resources/public/js/compiled/packt_clj/dom_whackamole.js" from ["src"]...
[36m----  Compiler Warning on   src/packt-clj/dom-whackamole/core.cljs   line:104  column:1  ----[0m

  [1mmoles at line 17 is being replaced[0m

  [36m100[0m  [36m     "Click to play!"][0m
  [36m101[0m  [36m    [:div "Game on!"]))[0m
  [36m102[0m  [36m[0m
  [36m103[0m  [36m[0m
  [33m104[0m  [1m(rum/defc moles < rum/reactive[0m
  [0m   [0m  [33m^--- moles at line 17 is being replaced[0m
  [36m105[0m  [36m  [:div {:class "game moles"}[0m
  [36m106[0m  [36m   (mole 0 (first (rum/react moles)))[0m
  [36m107[0m  [36m   (mole 1 (second (rum/react moles)))[0m
  [36m108[0m  [36m   (mole 2 (nth (rum/react  moles) 2))[0m
  [36m109[0m  [36m   (mole 3 (nth (rum/react moles) 3))[0m

[36m----  Compiler Warning : Please see src/packt-clj/dom-whackamole/core.cljs  ----[0m
[31mFailed to compile build :dev from ["src"] in 0.244 seconds.[0m
[36m----  Could not Compile  src/packt-clj/dom-whackamole/core.cljs  ----[0m

  [1mfailed compiling file:src/packt-clj/dom-whackamole/core.cljs[0m

[36m----  Compiler Error : Please see src/packt-clj/dom-whackamole/core.cljs  ----[0m
Compiling build :dev to "resources/public/js/compiled/packt_clj/dom_whackamole.js" from ["src"]...
[36m----  Compiler Warning on   src/packt-clj/dom-whackamole/core.cljs   line:104  column:1  ----[0m

  [1mmoles at line 17 is being replaced[0m

  [36m100[0m  [36m     "Click to play!"][0m
  [36m101[0m  [36m    [:div "Game on!"]))[0m
  [36m102[0m  [36m[0m
  [36m103[0m  [36m[0m
  [33m104[0m  [1m(rum/defc moles < rum/reactive [][0m
  [0m   [0m  [33m^--- moles at line 17 is being replaced[0m
  [36m105[0m  [36m  [:div {:class "game moles"}[0m
  [36m106[0m  [36m   (mole 0 (first (rum/react moles)))[0m
  [36m107[0m  [36m   (mole 1 (second (rum/react moles)))[0m
  [36m108[0m  [36m   (mole 2 (nth (rum/react  moles) 2))[0m
  [36m109[0m  [36m   (mole 3 (nth (rum/react moles) 3))[0m

[36m----  Compiler Warning : Please see src/packt-clj/dom-whackamole/core.cljs  ----[0m
[32mSuccessfully compiled build :dev to "resources/public/js/compiled/packt_clj/dom_whackamole.js" in 0.606 seconds.[0m
notifying browser that file changed:  resources/public/js/compiled/out/packt_clj/dom_whackamole/core.js
Compiling build :dev to "resources/public/js/compiled/packt_clj/dom_whackamole.js" from ["src"]...
[36m----  Compiler Warning on   src/packt-clj/dom-whackamole/core.cljs   line:104  column:1  ----[0m

  [1mmoles at line 17 is being replaced[0m

  [36m100[0m  [36m     "Click to play!"][0m
  [36m101[0m  [36m    [:div "Game on!"]))[0m
  [36m102[0m  [36m[0m
  [36m103[0m  [36m[0m
  [33m104[0m  [1m(rum/defc moles < rum/reactive [][0m
  [0m   [0m  [33m^--- moles at line 17 is being replaced[0m
  [36m105[0m  [36m  [:div {:class "game moles"}[0m
  [36m106[0m  [36m   (mole 0 (first (rum/react moles)))[0m
  [36m107[0m  [36m   (mole 1 (second (rum/react moles)))[0m
  [36m108[0m  [36m   (mole 2 (nth (rum/react  moles) 2))[0m
  [36m109[0m  [36m   (mole 3 (nth (rum/react moles) 3))[0m

[36m----  Compiler Warning : Please see src/packt-clj/dom-whackamole/core.cljs  ----[0m
[32mSuccessfully compiled build :dev to "resources/public/js/compiled/packt_clj/dom_whackamole.js" in 0.563 seconds.[0m
notifying browser that file changed:  resources/public/js/compiled/out/packt_clj/dom_whackamole/core.js
Compiling build :dev to "resources/public/js/compiled/packt_clj/dom_whackamole.js" from ["src"]...
[32mSuccessfully compiled build :dev to "resources/public/js/compiled/packt_clj/dom_whackamole.js" in 0.463 seconds.[0m
notifying browser that file changed:  resources/public/js/compiled/out/packt_clj/dom_whackamole/core.js
Compiling build :dev to "resources/public/js/compiled/packt_clj/dom_whackamole.js" from ["src"]...
[32mSuccessfully compiled build :dev to "resources/public/js/compiled/packt_clj/dom_whackamole.js" in 0.503 seconds.[0m
notifying browser that file changed:  resources/public/js/compiled/out/packt_clj/dom_whackamole/core.js
Compiling build :dev to "resources/public/js/compiled/packt_clj/dom_whackamole.js" from ["src"]...
[32mSuccessfully compiled build :dev to "resources/public/js/compiled/packt_clj/dom_whackamole.js" in 0.629 seconds.[0m
notifying browser that file changed:  resources/public/js/compiled/out/packt_clj/dom_whackamole/core.js
Compiling build :dev to "resources/public/js/compiled/packt_clj/dom_whackamole.js" from ["src"]...
[32mSuccessfully compiled build :dev to "resources/public/js/compiled/packt_clj/dom_whackamole.js" in 0.53 seconds.[0m
notifying browser that file changed:  resources/public/js/compiled/out/packt_clj/dom_whackamole/core.js
Compiling build :dev to "resources/public/js/compiled/packt_clj/dom_whackamole.js" from ["src"]...
[32mSuccessfully compiled build :dev to "resources/public/js/compiled/packt_clj/dom_whackamole.js" in 0.62 seconds.[0m
notifying browser that file changed:  resources/public/js/compiled/out/packt_clj/dom_whackamole/core.js
Compiling build :dev to "resources/public/js/compiled/packt_clj/dom_whackamole.js" from ["src"]...
[32mSuccessfully compiled build :dev to "resources/public/js/compiled/packt_clj/dom_whackamole.js" in 0.459 seconds.[0m
notifying browser that file changed:  resources/public/js/compiled/out/packt_clj/dom_whackamole/core.js
Compiling build :dev to "resources/public/js/compiled/packt_clj/dom_whackamole.js" from ["src"]...
[32mSuccessfully compiled build :dev to "resources/public/js/compiled/packt_clj/dom_whackamole.js" in 0.485 seconds.[0m
notifying browser that file changed:  resources/public/js/compiled/out/packt_clj/dom_whackamole/core.js
Compiling build :dev to "resources/public/js/compiled/packt_clj/dom_whackamole.js" from ["src"]...
[32mSuccessfully compiled build :dev to "resources/public/js/compiled/packt_clj/dom_whackamole.js" in 0.97 seconds.[0m
notifying browser that file changed:  resources/public/js/compiled/out/packt_clj/dom_whackamole/core.js
Compiling build :dev to "resources/public/js/compiled/packt_clj/dom_whackamole.js" from ["src"]...
[32mSuccessfully compiled build :dev to "resources/public/js/compiled/packt_clj/dom_whackamole.js" in 0.578 seconds.[0m
notifying browser that file changed:  resources/public/js/compiled/out/packt_clj/dom_whackamole/core.js
Compiling build :dev to "resources/public/js/compiled/packt_clj/dom_whackamole.js" from ["src"]...
[36m----  Compiler Warning on   src/packt-clj/dom-whackamole/core.cljs   line:13  column:32  ----[0m

  [1mUse of undeclared Var packt-clj.dom-whackamole.core/game-length[0m

  [36m10[0m  [36m(def game-length-in-minutes 20)[0m
  [36m11[0m  [36m[0m
  [36m12[0m  [36m(def points (atom 0))[0m
  [33m13[0m  [1m(def millis-remaining (atom (* game-length 1000)))[0m
  [0m  [0m  [33m                               ^--- Use of undeclared Var packt-clj.dom-whackamole.core/game-length[0m
  [36m14[0m  [36m(def game-state (atom :waiting))[0m
  [36m15[0m  [36m(def clock-interval (atom nil))[0m
  [36m16[0m  [36m[0m
  [36m17[0m  [36m(def moles (atom (into [][0m
  [36m18[0m  [36m                       (repeat 5 {:status :waiting[0m

[36m----  Compiler Warning : Please see src/packt-clj/dom-whackamole/core.cljs  ----[0m
[36m----  Compiler Warning on   src/packt-clj/dom-whackamole/core.cljs   line:73  column:42  ----[0m

  [1mUse of undeclared Var packt-clj.dom-whackamole.core/game-length[0m

  [36m69[0m  [36m(defn start-game [][0m
  [36m70[0m  [36m  (start-clock)[0m
  [36m71[0m  [36m  (swap! game-state (constantly :playing))[0m
  [36m72[0m  [36m  (swap! points (constantly 0))[0m
  [33m73[0m  [1m  (swap! millis-remaining (constantly (* game-length 1000))))[0m
  [0m  [0m  [33m                                         ^--- Use of undeclared Var packt-clj.dom-whackamole.core/game-length[0m
  [36m74[0m  [36m[0m
  [36m75[0m  [36m(defn whack! [mole-idx][0m
  [36m76[0m  [36m  (let [{:keys [status waiting]} (get @moles mole-idx)][0m
  [36m77[0m  [36m    (when (= status :live)[0m
  [36m78[0m  [36m      (deactivate-mole mole-idx)[0m

[36m----  Compiler Warning : Please see src/packt-clj/dom-whackamole/core.cljs  ----[0m
[32mSuccessfully compiled build :dev to "resources/public/js/compiled/packt_clj/dom_whackamole.js" in 0.833 seconds.[0m
notifying browser that file changed:  resources/public/js/compiled/out/packt_clj/dom_whackamole/core.js
Compiling build :dev to "resources/public/js/compiled/packt_clj/dom_whackamole.js" from ["src"]...
[36m----  Compiler Warning on   src/packt-clj/dom-whackamole/core.cljs   line:73  column:42  ----[0m

  [1mUse of undeclared Var packt-clj.dom-whackamole.core/game-length[0m

  [36m69[0m  [36m(defn start-game [][0m
  [36m70[0m  [36m  (start-clock)[0m
  [36m71[0m  [36m  (swap! game-state (constantly :playing))[0m
  [36m72[0m  [36m  (swap! points (constantly 0))[0m
  [33m73[0m  [1m  (swap! millis-remaining (constantly (* game-length 1000))))[0m
  [0m  [0m  [33m                                         ^--- Use of undeclared Var packt-clj.dom-whackamole.core/game-length[0m
  [36m74[0m  [36m[0m
  [36m75[0m  [36m(defn whack! [mole-idx][0m
  [36m76[0m  [36m  (let [{:keys [status waiting]} (get @moles mole-idx)][0m
  [36m77[0m  [36m    (when (= status :live)[0m
  [36m78[0m  [36m      (deactivate-mole mole-idx)[0m

[36m----  Compiler Warning : Please see src/packt-clj/dom-whackamole/core.cljs  ----[0m
[32mSuccessfully compiled build :dev to "resources/public/js/compiled/packt_clj/dom_whackamole.js" in 0.523 seconds.[0m
notifying browser that file changed:  resources/public/js/compiled/out/packt_clj/dom_whackamole/core.js
Compiling build :dev to "resources/public/js/compiled/packt_clj/dom_whackamole.js" from ["src"]...
[36m----  Compiler Warning on   src/packt-clj/dom-whackamole/core.cljs   line:72  column:42  ----[0m

  [1mUse of undeclared Var packt-clj.dom-whackamole.core/game-length[0m

  [36m68[0m  [36m(defn start-game [][0m
  [36m69[0m  [36m  (start-clock)[0m
  [36m70[0m  [36m  (swap! game-state (constantly :playing))[0m
  [36m71[0m  [36m  (swap! points (constantly 0))[0m
  [33m72[0m  [1m  (swap! millis-remaining (constantly (* game-length 1000))))[0m
  [0m  [0m  [33m                                         ^--- Use of undeclared Var packt-clj.dom-whackamole.core/game-length[0m
  [36m73[0m  [36m[0m
  [36m74[0m  [36m(defn whack! [mole-idx][0m
  [36m75[0m  [36m  (let [{:keys [status waiting]} (get @moles mole-idx)][0m
  [36m76[0m  [36m    (when (= status :live)[0m
  [36m77[0m  [36m      (deactivate-mole mole-idx)[0m

[36m----  Compiler Warning : Please see src/packt-clj/dom-whackamole/core.cljs  ----[0m
[32mSuccessfully compiled build :dev to "resources/public/js/compiled/packt_clj/dom_whackamole.js" in 0.666 seconds.[0m
notifying browser that file changed:  resources/public/js/compiled/out/packt_clj/dom_whackamole/core.js
Compiling build :dev to "resources/public/js/compiled/packt_clj/dom_whackamole.js" from ["src"]...
[36m----  Compiler Warning on   src/packt-clj/dom-whackamole/core.cljs   line:72  column:42  ----[0m

  [1mUse of undeclared Var packt-clj.dom-whackamole.core/game-length[0m

  [36m68[0m  [36m(defn start-game [][0m
  [36m69[0m  [36m  (start-clock)[0m
  [36m70[0m  [36m  (swap! game-state (constantly :playing))[0m
  [36m71[0m  [36m  (swap! points (constantly 0))[0m
  [33m72[0m  [1m  (swap! millis-remaining (constantly (* game-length 1000))))[0m
  [0m  [0m  [33m                                         ^--- Use of undeclared Var packt-clj.dom-whackamole.core/game-length[0m
  [36m73[0m  [36m[0m
  [36m74[0m  [36m(defn whack! [mole-idx][0m
  [36m75[0m  [36m  (let [{:keys [status waiting]} (nth @moles mole-idx)][0m
  [36m76[0m  [36m    (when (= status :live)[0m
  [36m77[0m  [36m      (deactivate-mole mole-idx)[0m

[36m----  Compiler Warning : Please see src/packt-clj/dom-whackamole/core.cljs  ----[0m
[32mSuccessfully compiled build :dev to "resources/public/js/compiled/packt_clj/dom_whackamole.js" in 0.674 seconds.[0m
notifying browser that file changed:  resources/public/js/compiled/out/packt_clj/dom_whackamole/core.js
Compiling build :dev to "resources/public/js/compiled/packt_clj/dom_whackamole.js" from ["src"]...
[36m----  Compiler Warning on   src/packt-clj/dom-whackamole/core.cljs   line:71  column:42  ----[0m

  [1mUse of undeclared Var packt-clj.dom-whackamole.core/game-length[0m

  [36m67[0m  [36m(defn start-game [][0m
  [36m68[0m  [36m  (start-clock)[0m
  [36m69[0m  [36m  (swap! game-state (constantly :playing))[0m
  [36m70[0m  [36m  (swap! points (constantly 0))[0m
  [33m71[0m  [1m  (swap! millis-remaining (constantly (* game-length 1000))))[0m
  [0m  [0m  [33m                                         ^--- Use of undeclared Var packt-clj.dom-whackamole.core/game-length[0m
  [36m72[0m  [36m[0m
  [36m73[0m  [36m(defn whack! [mole-idx][0m
  [36m74[0m  [36m  (let [{:keys [status waiting]} (nth @moles mole-idx)][0m
  [36m75[0m  [36m    (when (= status :live)[0m
  [36m76[0m  [36m      (deactivate-mole mole-idx)[0m

[36m----  Compiler Warning : Please see src/packt-clj/dom-whackamole/core.cljs  ----[0m
[32mSuccessfully compiled build :dev to "resources/public/js/compiled/packt_clj/dom_whackamole.js" in 0.661 seconds.[0m
notifying browser that file changed:  resources/public/js/compiled/out/packt_clj/dom_whackamole/core.js
Compiling build :dev to "resources/public/js/compiled/packt_clj/dom_whackamole.js" from ["src"]...
[32mSuccessfully compiled build :dev to "resources/public/js/compiled/packt_clj/dom_whackamole.js" in 0.623 seconds.[0m
notifying browser that file changed:  resources/public/js/compiled/out/packt_clj/dom_whackamole/core.js
Compiling build :dev to "resources/public/js/compiled/packt_clj/dom_whackamole.js" from ["src"]...
[32mSuccessfully compiled build :dev to "resources/public/js/compiled/packt_clj/dom_whackamole.js" in 0.737 seconds.[0m
notifying browser that file changed:  resources/public/js/compiled/out/packt_clj/dom_whackamole/core.js
Compiling build :dev to "resources/public/js/compiled/packt_clj/dom_whackamole.js" from ["src"]...
[32mSuccessfully compiled build :dev to "resources/public/js/compiled/packt_clj/dom_whackamole.js" in 0.501 seconds.[0m
notifying browser that file changed:  resources/public/js/compiled/out/packt_clj/dom_whackamole/core.js
Compiling build :dev to "resources/public/js/compiled/packt_clj/dom_whackamole.js" from ["src"]...
[32mSuccessfully compiled build :dev to "resources/public/js/compiled/packt_clj/dom_whackamole.js" in 0.659 seconds.[0m
notifying browser that file changed:  resources/public/js/compiled/out/packt_clj/dom_whackamole/core.js
Compiling build :dev to "resources/public/js/compiled/packt_clj/dom_whackamole.js" from ["src"]...
[32mSuccessfully compiled build :dev to "resources/public/js/compiled/packt_clj/dom_whackamole.js" in 0.528 seconds.[0m
notifying browser that file changed:  resources/public/js/compiled/out/cljs_deps.js
notifying browser that file changed:  resources/public/js/compiled/out/packt_clj/dom_whackamole/core.js
Compiling build :dev to "resources/public/js/compiled/packt_clj/dom_whackamole.js" from ["src"]...
[32mSuccessfully compiled build :dev to "resources/public/js/compiled/packt_clj/dom_whackamole.js" in 0.519 seconds.[0m
notifying browser that file changed:  resources/public/js/compiled/out/packt_clj/dom_whackamole/core.js
Compiling build :dev to "resources/public/js/compiled/packt_clj/dom_whackamole.js" from ["src"]...
[32mSuccessfully compiled build :dev to "resources/public/js/compiled/packt_clj/dom_whackamole.js" in 0.683 seconds.[0m
notifying browser that file changed:  resources/public/js/compiled/out/goog/deps.js
notifying browser that file changed:  resources/public/js/compiled/out/cljs_deps.js
notifying browser that file changed:  resources/public/js/compiled/out/packt_clj/dom_whackamole/core.js
Compiling build :dev to "resources/public/js/compiled/packt_clj/dom_whackamole.js" from ["src"]...
[32mSuccessfully compiled build :dev to "resources/public/js/compiled/packt_clj/dom_whackamole.js" in 0.52 seconds.[0m
notifying browser that file changed:  resources/public/js/compiled/out/packt_clj/dom_whackamole/core.js
Compiling build :dev to "resources/public/js/compiled/packt_clj/dom_whackamole.js" from ["src"]...
[32mSuccessfully compiled build :dev to "resources/public/js/compiled/packt_clj/dom_whackamole.js" in 0.498 seconds.[0m
notifying browser that file changed:  resources/public/js/compiled/out/packt_clj/dom_whackamole/core.js
Compiling build :dev to "resources/public/js/compiled/packt_clj/dom_whackamole.js" from ["src"]...
[32mSuccessfully compiled build :dev to "resources/public/js/compiled/packt_clj/dom_whackamole.js" in 0.627 seconds.[0m
notifying browser that file changed:  resources/public/js/compiled/out/packt_clj/dom_whackamole/core.js
Compiling build :dev to "resources/public/js/compiled/packt_clj/dom_whackamole.js" from ["src"]...
[32mSuccessfully compiled build :dev to "resources/public/js/compiled/packt_clj/dom_whackamole.js" in 0.649 seconds.[0m
notifying browser that file changed:  resources/public/js/compiled/out/packt_clj/dom_whackamole/core.js
Compiling build :dev to "resources/public/js/compiled/packt_clj/dom_whackamole.js" from ["src"]...
[32mSuccessfully compiled build :dev to "resources/public/js/compiled/packt_clj/dom_whackamole.js" in 0.86 seconds.[0m
notifying browser that file changed:  resources/public/js/compiled/out/packt_clj/dom_whackamole/core.js
Compiling build :dev to "resources/public/js/compiled/packt_clj/dom_whackamole.js" from ["src"]...
[32mSuccessfully compiled build :dev to "resources/public/js/compiled/packt_clj/dom_whackamole.js" in 0.491 seconds.[0m
notifying browser that file changed:  resources/public/js/compiled/out/packt_clj/dom_whackamole/core.js
Compiling build :dev to "resources/public/js/compiled/packt_clj/dom_whackamole.js" from ["src"]...
[32mSuccessfully compiled build :dev to "resources/public/js/compiled/packt_clj/dom_whackamole.js" in 1.119 seconds.[0m
notifying browser that file changed:  resources/public/js/compiled/out/packt_clj/dom_whackamole/core.js
Compiling build :dev to "resources/public/js/compiled/packt_clj/dom_whackamole.js" from ["src"]...
[32mSuccessfully compiled build :dev to "resources/public/js/compiled/packt_clj/dom_whackamole.js" in 0.896 seconds.[0m
notifying browser that file changed:  resources/public/js/compiled/out/packt_clj/dom_whackamole/core.js
Compiling build :dev to "resources/public/js/compiled/packt_clj/dom_whackamole.js" from ["src"]...
[32mSuccessfully compiled build :dev to "resources/public/js/compiled/packt_clj/dom_whackamole.js" in 0.596 seconds.[0m
notifying browser that file changed:  resources/public/js/compiled/out/packt_clj/dom_whackamole/core.js
Compiling build :dev to "resources/public/js/compiled/packt_clj/dom_whackamole.js" from ["src"]...
[32mSuccessfully compiled build :dev to "resources/public/js/compiled/packt_clj/dom_whackamole.js" in 1.769 seconds.[0m
notifying browser that file changed:  resources/public/js/compiled/out/goog/deps.js
notifying browser that file changed:  resources/public/js/compiled/out/cljs_deps.js
notifying browser that file changed:  resources/public/js/compiled/out/packt_clj/dom_whackamole/core.js
Compiling build :dev to "resources/public/js/compiled/packt_clj/dom_whackamole.js" from ["src"]...
[32mSuccessfully compiled build :dev to "resources/public/js/compiled/packt_clj/dom_whackamole.js" in 0.537 seconds.[0m
notifying browser that file changed:  resources/public/js/compiled/out/packt_clj/dom_whackamole/core.js
Compiling build :dev to "resources/public/js/compiled/packt_clj/dom_whackamole.js" from ["src"]...
[32mSuccessfully compiled build :dev to "resources/public/js/compiled/packt_clj/dom_whackamole.js" in 0.551 seconds.[0m
notifying browser that file changed:  resources/public/js/compiled/out/packt_clj/dom_whackamole/core.js
Compiling build :dev to "resources/public/js/compiled/packt_clj/dom_whackamole.js" from ["src"]...
[32mSuccessfully compiled build :dev to "resources/public/js/compiled/packt_clj/dom_whackamole.js" in 0.62 seconds.[0m
notifying browser that file changed:  resources/public/js/compiled/out/packt_clj/dom_whackamole/core.js
Compiling build :dev to "resources/public/js/compiled/packt_clj/dom_whackamole.js" from ["src"]...
[32mSuccessfully compiled build :dev to "resources/public/js/compiled/packt_clj/dom_whackamole.js" in 0.503 seconds.[0m
notifying browser that file changed:  resources/public/js/compiled/out/packt_clj/dom_whackamole/core.js
Compiling build :dev to "resources/public/js/compiled/packt_clj/dom_whackamole.js" from ["src"]...
[32mSuccessfully compiled build :dev to "resources/public/js/compiled/packt_clj/dom_whackamole.js" in 0.53 seconds.[0m
notifying browser that file changed:  resources/public/js/compiled/out/packt_clj/dom_whackamole/core.js
Compiling build :dev to "resources/public/js/compiled/packt_clj/dom_whackamole.js" from ["src"]...
[32mSuccessfully compiled build :dev to "resources/public/js/compiled/packt_clj/dom_whackamole.js" in 0.514 seconds.[0m
notifying browser that file changed:  resources/public/js/compiled/out/packt_clj/dom_whackamole/core.js
Compiling build :dev to "resources/public/js/compiled/packt_clj/dom_whackamole.js" from ["src"]...
[32mSuccessfully compiled build :dev to "resources/public/js/compiled/packt_clj/dom_whackamole.js" in 0.489 seconds.[0m
notifying browser that file changed:  resources/public/js/compiled/out/packt_clj/dom_whackamole/core.js
Compiling build :dev to "resources/public/js/compiled/packt_clj/dom_whackamole.js" from ["src"]...
[32mSuccessfully compiled build :dev to "resources/public/js/compiled/packt_clj/dom_whackamole.js" in 0.5 seconds.[0m
notifying browser that file changed:  resources/public/js/compiled/out/packt_clj/dom_whackamole/core.js
Compiling build :dev to "resources/public/js/compiled/packt_clj/dom_whackamole.js" from ["src"]...
[32mSuccessfully compiled build :dev to "resources/public/js/compiled/packt_clj/dom_whackamole.js" in 0.493 seconds.[0m
notifying browser that file changed:  resources/public/js/compiled/out/packt_clj/dom_whackamole/core.js
Compiling build :dev to "resources/public/js/compiled/packt_clj/dom_whackamole.js" from ["src"]...
[32mSuccessfully compiled build :dev to "resources/public/js/compiled/packt_clj/dom_whackamole.js" in 0.601 seconds.[0m
notifying browser that file changed:  resources/public/js/compiled/out/packt_clj/dom_whackamole/core.js
Compiling build :dev to "resources/public/js/compiled/packt_clj/dom_whackamole.js" from ["src"]...
[36m----  Compiler Warning on   src/packt-clj/dom-whackamole/core.cljs   line:127  column:7  ----[0m

  [1mUse of undeclared Var packt-clj.dom-whackamole.core/with-key[0m

  [36m124[0m  [36m(rum/defc moles-view < rum/reactive [][0m
  [36m125[0m  [36m  (let [ms (rum/react moles)][0m
  [36m126[0m  [36m    [:div {:class "game moles"}[0m
  [33m127[0m  [1m     (with-key )[0m
  [0m   [0m  [33m      ^--- Use of undeclared Var packt-clj.dom-whackamole.core/with-key[0m
  [36m128[0m  [36m     (map-indexed (fn [i m][0m
  [36m129[0m  [36m                    (rum/with-key (single-mole-view i (nth ms i)) i))[0m
  [36m130[0m  [36m                  ms)]))[0m
  [36m131[0m  [36m[0m
  [36m132[0m  [36m(rum/defc app [][0m

[36m----  Compiler Warning : Please see src/packt-clj/dom-whackamole/core.cljs  ----[0m
[32mSuccessfully compiled build :dev to "resources/public/js/compiled/packt_clj/dom_whackamole.js" in 0.549 seconds.[0m
notifying browser that file changed:  resources/public/js/compiled/out/packt_clj/dom_whackamole/core.js
Compiling build :dev to "resources/public/js/compiled/packt_clj/dom_whackamole.js" from ["src"]...
[32mSuccessfully compiled build :dev to "resources/public/js/compiled/packt_clj/dom_whackamole.js" in 0.723 seconds.[0m
notifying browser that file changed:  resources/public/js/compiled/out/packt_clj/dom_whackamole/core.js
Compiling build :dev to "resources/public/js/compiled/packt_clj/dom_whackamole.js" from ["src"]...
[32mSuccessfully compiled build :dev to "resources/public/js/compiled/packt_clj/dom_whackamole.js" in 0.563 seconds.[0m
notifying browser that file changed:  resources/public/js/compiled/out/packt_clj/dom_whackamole/core.js
Compiling build :dev to "resources/public/js/compiled/packt_clj/dom_whackamole.js" from ["src"]...
[32mSuccessfully compiled build :dev to "resources/public/js/compiled/packt_clj/dom_whackamole.js" in 0.719 seconds.[0m
notifying browser that file changed:  resources/public/js/compiled/out/packt_clj/dom_whackamole/core.js
Compiling build :dev to "resources/public/js/compiled/packt_clj/dom_whackamole.js" from ["src"]...
[32mSuccessfully compiled build :dev to "resources/public/js/compiled/packt_clj/dom_whackamole.js" in 0.512 seconds.[0m
notifying browser that file changed:  resources/public/js/compiled/out/packt_clj/dom_whackamole/core.js
Compiling build :dev to "resources/public/js/compiled/packt_clj/dom_whackamole.js" from ["src"]...
[32mSuccessfully compiled build :dev to "resources/public/js/compiled/packt_clj/dom_whackamole.js" in 0.68 seconds.[0m
notifying browser that file changed:  resources/public/js/compiled/out/packt_clj/dom_whackamole/core.js
